<?xml version="1.0" encoding="UTF-8"?>
<!-- Generated by org.testng.reporters.JUnitXMLReporter -->
<testsuite ignored="0" hostname="DESKTOP-A7RCVA4" failures="0" tests="3" name="Default test" time="17.668" errors="0" timestamp="2021-11-18T02:49:16 IST">
  <testcase classname="io.TestLayer.LoginPageTest" name="validateLoginFunctionality" time="5.608"/>
  <testcase classname="io.TestLayer.HomePageTest" name="validateHomePageFunctionality" time="3.946"/>
  <testcase classname="io.TestLayer.PimPageTest" name="validatePimPage" time="1.71"/>
</testsuite> <!-- Default test -->
