<?xml version="1.0" encoding="UTF-8"?>
<!-- Generated by org.testng.reporters.JUnitXMLReporter -->
<testsuite ignored="0" hostname="DESKTOP-A7RCVA4" failures="2" tests="3" name="Test" time="11.831" errors="0" timestamp="2021-11-18T02:00:17 IST">
  <testcase classname="io.TestLayer.HomePageTest" name="validateHomePageFunctionality" time="0.143">
    <failure type="java.lang.NullPointerException">
      <![CDATA[java.lang.NullPointerException
at java.base/java.util.Objects.requireNonNull(Objects.java:208)
at org.openqa.selenium.interactions.Actions.<init>(Actions.java:65)
at io.UtilsLayer.ActionClass.clickonBtn(ActionClass.java:13)
at io.PageLayer.HomePage.pimClick(HomePage.java:49)
at io.TestLayer.HomePageTest.validateHomePageFunctionality(HomePageTest.java:18)
at java.base/java.util.ArrayList.forEach(ArrayList.java:1511)
... Removed 27 stack frames]]>
    </failure>
  </testcase> <!-- validateHomePageFunctionality -->
  <testcase classname="io.TestLayer.PimPageTest" name="validatePimPage" time="0.005">
    <failure type="java.lang.NullPointerException" message="Cannot invoke &amp;quot;org.openqa.selenium.SearchContext.findElement(org.openqa.selenium.By)&amp;quot; because &amp;quot;this.searchContext&amp;quot; is null">
      <![CDATA[java.lang.NullPointerException: Cannot invoke "org.openqa.selenium.SearchContext.findElement(org.openqa.selenium.By)" because "this.searchContext" is null
at org.openqa.selenium.support.pagefactory.DefaultElementLocator.findElement(DefaultElementLocator.java:69)
at org.openqa.selenium.support.pagefactory.internal.LocatingElementHandler.invoke(LocatingElementHandler.java:38)
at jdk.proxy2/jdk.proxy2.$Proxy11.click(Unknown Source)
at io.PageLayer.PimPage.clickOnAddBtn(PimPage.java:39)
at io.TestLayer.PimPageTest.validatePimPage(PimPageTest.java:17)
at java.base/java.util.ArrayList.forEach(ArrayList.java:1511)
... Removed 27 stack frames]]>
    </failure>
  </testcase> <!-- validatePimPage -->
  <testcase classname="io.TestLayer.LoginPageTest" name="validateLoginFunctionality" time="5.005"/>
</testsuite> <!-- Test -->
