<?xml version="1.0" encoding="UTF-8"?>
<testng-results ignored="0" total="3" passed="3" failed="0" skipped="0">
  <reporter-output>
  </reporter-output>
  <suite started-at="2021-11-18T02:48:59 IST" name="Default suite" finished-at="2021-11-18T02:49:16 IST" duration-ms="17668">
    <groups>
    </groups>
    <test started-at="2021-11-18T02:48:59 IST" name="Default test" finished-at="2021-11-18T02:49:16 IST" duration-ms="17668">
      <class name="io.TestLayer.PimPageTest">
        <test-method is-config="true" signature="setUp()[pri:0, instance:io.TestLayer.PimPageTest@2bbf180e]" started-at="2021-11-18T02:48:59 IST" name="setUp" finished-at="2021-11-18T02:49:05 IST" duration-ms="6345" status="PASS">
          <reporter-output>
          </reporter-output>
        </test-method> <!-- setUp -->
        <test-method signature="validateLoginFunctionality()[pri:0, instance:io.TestLayer.PimPageTest@2bbf180e]" started-at="2021-11-18T02:49:05 IST" name="validateLoginFunctionality" finished-at="2021-11-18T02:49:11 IST" duration-ms="5608" status="PASS">
          <reporter-output>
          </reporter-output>
        </test-method> <!-- validateLoginFunctionality -->
        <test-method signature="validateHomePageFunctionality()[pri:5, instance:io.TestLayer.PimPageTest@2bbf180e]" started-at="2021-11-18T02:49:11 IST" name="validateHomePageFunctionality" finished-at="2021-11-18T02:49:15 IST" duration-ms="3946" status="PASS">
          <reporter-output>
          </reporter-output>
        </test-method> <!-- validateHomePageFunctionality -->
        <test-method signature="validatePimPage()[pri:6, instance:io.TestLayer.PimPageTest@2bbf180e]" started-at="2021-11-18T02:49:15 IST" name="validatePimPage" finished-at="2021-11-18T02:49:16 IST" duration-ms="1710" status="PASS">
          <reporter-output>
          </reporter-output>
        </test-method> <!-- validatePimPage -->
      </class> <!-- io.TestLayer.PimPageTest -->
    </test> <!-- Default test -->
  </suite> <!-- Default suite -->
</testng-results>
